Flutter crash report; please file at https://github.com/flutter/flutter/issues.

## command

flutter --suppress-analytics build flx --target=lib/main.dart --output-file=/Volumes/Data/Dev/Flutter/startup_namer/ios/Flutter/app.flx --snapshot=build/snapshot_blob.bin --depfile=build/snapshot_blob.bin.d --working-dir=/Volumes/Data/Dev/Flutter/startup_namer/ios/Flutter/flutter_assets

## exception

FileSystemException: FileSystemException: Cannot rename file to '/Volumes/Data/Dev/Flutter/startup_namer/ios/Flutter/app.flx', path = '/Volumes/Data/Dev/Flutter/startup_namer/ios/Flutter/app.flx.tmp' (OS Error: No such file or directory, errno = 2)

```
#0      _File.throwIfError (dart:io/file_impl.dart:628)
#1      _File.renameSync (dart:io/file_impl.dart:316)
#2      ForwardingFileSystemEntity.renameSync (package:file/src/forwarding/forwarding_file_system_entity.dart:48)
#3      _ZipToolBuilder.createZip (package:flutter_tools/src/zip.dart:114)
<asynchronous suspension>
#4      assemble (package:flutter_tools/src/flx.dart:174)
<asynchronous suspension>
#5      build (package:flutter_tools/src/flx.dart:100)
<asynchronous suspension>
#6      BuildFlxCommand.runCommand (package:flutter_tools/src/commands/build_flx.dart:50)
<asynchronous suspension>
#7      FlutterCommand.verifyThenRunCommand (package:flutter_tools/src/runner/flutter_command.dart:290)
<asynchronous suspension>
#8      FlutterCommand.run (package:flutter_tools/src/runner/flutter_command.dart:228)
<asynchronous suspension>
#9      CommandRunner.runCommand (package:args/command_runner.dart:194)
<asynchronous suspension>
#10     FlutterCommandRunner.runCommand (package:flutter_tools/src/runner/flutter_command_runner.dart:286)
<asynchronous suspension>
#11     CommandRunner.run.<anonymous closure> (package:args/command_runner.dart:109)
#12     new Future.sync (dart:async/future.dart:222)
#13     CommandRunner.run (package:args/command_runner.dart:109)
#14     FlutterCommandRunner.run (package:flutter_tools/src/runner/flutter_command_runner.dart:166)
#15     run.<anonymous closure> (package:flutter_tools/runner.dart:90)
<asynchronous suspension>
#16     AppContext._run (package:flutter_tools/src/base/context.dart:76)
<asynchronous suspension>
#17     AppContext.runInZone.<anonymous closure> (package:flutter_tools/src/base/context.dart:66)
#18     _rootRun (dart:async/zone.dart:1126)
#19     _CustomZone.run (dart:async/zone.dart:1023)
#20     runZoned (dart:async/zone.dart:1501)
#21     AppContext.runInZone (package:flutter_tools/src/base/context.dart:65)
#22     run (package:flutter_tools/runner.dart:61)
<asynchronous suspension>
#23     main (package:flutter_tools/executable.dart:48)
<asynchronous suspension>
#24     main (file:///Users/vinhvo/flutter/packages/flutter_tools/bin/flutter_tools.dart:16)
#25     _startIsolate.<anonymous closure> (dart:isolate-patch/dart:isolate/isolate_patch.dart:277)
#26     _RawReceivePortImpl._handleMessage (dart:isolate-patch/dart:isolate/isolate_patch.dart:165)
```

## flutter doctor

```
[✓] Flutter (Channel beta, v0.1.5, on Mac OS X 10.13.1 17B1003, locale en)
    • Flutter version 0.1.5 at /Users/vinhvo/flutter
    • Framework revision 3ea4d06340 (3 weeks ago), 2018-02-22 11:12:39 -0800
    • Engine revision ead227f118
    • Dart version 2.0.0-dev.28.0.flutter-0b4f01f759

[✓] Android toolchain - develop for Android devices (Android SDK 25.0.2)
    • Android SDK at /Users/vinhvo/Library/Android/sdk
    • Android NDK location not configured (optional; useful for native profiling support)
    • Platform android-26, build-tools 25.0.2
    • Java binary at: /Applications/Android Studio.app/Contents/jre/jdk/Contents/Home/bin/java
    • Java version OpenJDK Runtime Environment (build 1.8.0_112-release-b06)

[✓] iOS toolchain - develop for iOS devices (Xcode 9.2)
    • Xcode at /Applications/Xcode.app/Contents/Developer
    • Xcode 9.2, Build version 9C40b
    • ios-deploy 1.9.2
    • CocoaPods version 1.4.0

[✓] Android Studio (version 2.3)
    • Android Studio at /Applications/Android Studio.app/Contents
    • Java version OpenJDK Runtime Environment (build 1.8.0_112-release-b06)

[✓] VS Code (version 1.21.1)
    • VS Code at /Applications/Visual Studio Code.app/Contents
    • Dart Code extension version 2.10.0

[✓] Connected devices (2 available)
    • Vinh's iPhone  • 7c95208480cdb3c9a6c8f0ac68c00a3f120dad7a • ios • iOS 11.0
    • iPhone 6s Plus • 0A6EC458-D87B-4AD1-8BC3-488327C6E169     • ios • iOS 11.2 (simulator)

• No issues found!
```
